android/app/build1/intermediates/manifest_merge_blame_file/release/manifest-merger-blame-release-report.txt
1<?xml version="1.0" encoding="utf-8"?>
2<manifest xmlns:android="http://schemas.android.com/apk/res/android"
3    package="health.goldstandard.demo"
4    android:versionCode="3"
5    android:versionName="1.0" >
6
7    <uses-sdk
8        android:minSdkVersion="21"
8-->src/main/AndroidManifest.xml
9        android:targetSdkVersion="33" />
9-->src/main/AndroidManifest.xml
10
11    <uses-permission android:name="android.permission.INTERNET" />
11-->src/main/AndroidManifest.xml:3:5-67
11-->src/main/AndroidManifest.xml:3:22-64
12
13    <uses-feature
13-->src/main/AndroidManifest.xml:4:5-6:33
14        android:name="android.hardware.telephony"
14-->src/main/AndroidManifest.xml:5:7-48
15        android:required="true" />
15-->src/main/AndroidManifest.xml:6:7-30
16
17    <queries>
17-->src/main/AndroidManifest.xml:28:5-32:15
18        <intent>
18-->src/main/AndroidManifest.xml:29:7-31:16
19            <action android:name="android.intent.action.DIAL" />
19-->src/main/AndroidManifest.xml:30:9-61
19-->src/main/AndroidManifest.xml:30:17-58
20        </intent>
21    </queries>
22
23    <uses-permission android:name="android.permission.ACCESS_NETWORK_STATE" />
23-->[com.google.android.exoplayer:exoplayer-core:2.18.1] AndroidManifest.xml:24:5-79
23-->[com.google.android.exoplayer:exoplayer-core:2.18.1] AndroidManifest.xml:24:22-76
24
25    <application
25-->src/main/AndroidManifest.xml:8:5-27:19
26        android:name="health.goldstandard.demo.MainApplication"
26-->src/main/AndroidManifest.xml:9:7-38
27        android:allowBackup="false"
27-->src/main/AndroidManifest.xml:13:7-34
28        android:appComponentFactory="androidx.core.app.CoreComponentFactory"
28-->[androidx.core:core:1.7.0] AndroidManifest.xml:24:18-86
29        android:icon="@mipmap/ic_launcher"
29-->src/main/AndroidManifest.xml:11:7-41
30        android:label="@string/app_name"
30-->src/main/AndroidManifest.xml:10:7-39
31        android:roundIcon="@mipmap/ic_launcher_round"
31-->src/main/AndroidManifest.xml:12:7-52
32        android:theme="@style/AppTheme" >
32-->src/main/AndroidManifest.xml:14:7-38
33        <activity
33-->src/main/AndroidManifest.xml:15:7-26:18
34            android:name="health.goldstandard.demo.MainActivity"
34-->src/main/AndroidManifest.xml:16:9-37
35            android:configChanges="keyboard|keyboardHidden|orientation|screenLayout|screenSize|smallestScreenSize|uiMode"
35-->src/main/AndroidManifest.xml:18:9-118
36            android:exported="true"
36-->src/main/AndroidManifest.xml:21:9-32
37            android:label="@string/app_name"
37-->src/main/AndroidManifest.xml:17:9-41
38            android:launchMode="singleTask"
38-->src/main/AndroidManifest.xml:19:9-40
39            android:windowSoftInputMode="adjustResize" >
39-->src/main/AndroidManifest.xml:20:9-51
40            <intent-filter>
40-->src/main/AndroidManifest.xml:22:9-25:25
41                <action android:name="android.intent.action.MAIN" />
41-->src/main/AndroidManifest.xml:23:13-65
41-->src/main/AndroidManifest.xml:23:21-62
42
43                <category android:name="android.intent.category.LAUNCHER" />
43-->src/main/AndroidManifest.xml:24:13-73
43-->src/main/AndroidManifest.xml:24:23-70
44            </intent-filter>
45        </activity>
46
47        <provider
47-->[androidx.emoji2:emoji2:1.0.0] AndroidManifest.xml:26:9-34:20
48            android:name="androidx.startup.InitializationProvider"
48-->[androidx.emoji2:emoji2:1.0.0] AndroidManifest.xml:27:13-67
49            android:authorities="health.goldstandard.demo.androidx-startup"
49-->[androidx.emoji2:emoji2:1.0.0] AndroidManifest.xml:28:13-68
50            android:exported="false" >
50-->[androidx.emoji2:emoji2:1.0.0] AndroidManifest.xml:29:13-37
51            <meta-data
51-->[androidx.emoji2:emoji2:1.0.0] AndroidManifest.xml:31:13-33:52
52                android:name="androidx.emoji2.text.EmojiCompatInitializer"
52-->[androidx.emoji2:emoji2:1.0.0] AndroidManifest.xml:32:17-75
53                android:value="androidx.startup" />
53-->[androidx.emoji2:emoji2:1.0.0] AndroidManifest.xml:33:17-49
54            <meta-data
54-->[androidx.lifecycle:lifecycle-process:2.4.0] AndroidManifest.xml:31:13-33:52
55                android:name="androidx.lifecycle.ProcessLifecycleInitializer"
55-->[androidx.lifecycle:lifecycle-process:2.4.0] AndroidManifest.xml:32:17-78
56                android:value="androidx.startup" />
56-->[androidx.lifecycle:lifecycle-process:2.4.0] AndroidManifest.xml:33:17-49
57        </provider>
58    </application>
59
60</manifest>